<?xml version="1.0" encoding="UTF-8"?>
<testsuite name="com.lil.sbet.bootingweb.BootingWebApplicationTests" tests="1" skipped="0" failures="0" errors="0" timestamp="2022-10-08T08:32:40" hostname="ZIN100-GG2191" time="0.286">
  <properties/>
  <testcase name="contextLoads()" classname="com.lil.sbet.bootingweb.BootingWebApplicationTests" time="0.286"/>
  <system-out><![CDATA[14:02:36.790 [Test worker] DEBUG org.springframework.test.context.BootstrapUtils - Instantiating CacheAwareContextLoaderDelegate from class [org.springframework.test.context.cache.DefaultCacheAwareContextLoaderDelegate]
14:02:36.821 [Test worker] DEBUG org.springframework.test.context.BootstrapUtils - Instantiating BootstrapContext using constructor [public org.springframework.test.context.support.DefaultBootstrapContext(java.lang.Class,org.springframework.test.context.CacheAwareContextLoaderDelegate)]
14:02:36.909 [Test worker] DEBUG org.springframework.test.context.BootstrapUtils - Instantiating TestContextBootstrapper for test class [com.lil.sbet.bootingweb.BootingWebApplicationTests] from class [org.springframework.boot.test.context.SpringBootTestContextBootstrapper]
14:02:36.944 [Test worker] INFO org.springframework.boot.test.context.SpringBootTestContextBootstrapper - Neither @ContextConfiguration nor @ContextHierarchy found for test class [com.lil.sbet.bootingweb.BootingWebApplicationTests], using SpringBootContextLoader
14:02:36.956 [Test worker] DEBUG org.springframework.test.context.support.AbstractContextLoader - Did not detect default resource location for test class [com.lil.sbet.bootingweb.BootingWebApplicationTests]: class path resource [com/lil/sbet/bootingweb/BootingWebApplicationTests-context.xml] does not exist
14:02:36.957 [Test worker] DEBUG org.springframework.test.context.support.AbstractContextLoader - Did not detect default resource location for test class [com.lil.sbet.bootingweb.BootingWebApplicationTests]: class path resource [com/lil/sbet/bootingweb/BootingWebApplicationTestsContext.groovy] does not exist
14:02:36.958 [Test worker] INFO org.springframework.test.context.support.AbstractContextLoader - Could not detect default resource locations for test class [com.lil.sbet.bootingweb.BootingWebApplicationTests]: no resource found for suffixes {-context.xml, Context.groovy}.
14:02:36.959 [Test worker] INFO org.springframework.test.context.support.AnnotationConfigContextLoaderUtils - Could not detect default configuration classes for test class [com.lil.sbet.bootingweb.BootingWebApplicationTests]: BootingWebApplicationTests does not declare any static, non-private, non-final, nested classes annotated with @Configuration.
14:02:37.070 [Test worker] DEBUG org.springframework.test.context.support.ActiveProfilesUtils - Could not find an 'annotation declaring class' for annotation type [org.springframework.test.context.ActiveProfiles] and class [com.lil.sbet.bootingweb.BootingWebApplicationTests]
14:02:37.175 [Test worker] DEBUG org.springframework.context.annotation.ClassPathScanningCandidateComponentProvider - Identified candidate component class: file [C:\MyLearning\GCP PATHWAY\SPRINGBOOT2.0\booting-web\build\classes\java\main\com\lil\sbet\bootingweb\BootingWebApplication.class]
14:02:37.177 [Test worker] INFO org.springframework.boot.test.context.SpringBootTestContextBootstrapper - Found @SpringBootConfiguration com.lil.sbet.bootingweb.BootingWebApplication for test class com.lil.sbet.bootingweb.BootingWebApplicationTests
14:02:37.338 [Test worker] DEBUG org.springframework.boot.test.context.SpringBootTestContextBootstrapper - @TestExecutionListeners is not present for class [com.lil.sbet.bootingweb.BootingWebApplicationTests]: using defaults.
14:02:37.339 [Test worker] INFO org.springframework.boot.test.context.SpringBootTestContextBootstrapper - Loaded default TestExecutionListener class names from location [META-INF/spring.factories]: [org.springframework.boot.test.autoconfigure.restdocs.RestDocsTestExecutionListener, org.springframework.boot.test.autoconfigure.web.client.MockRestServiceServerResetTestExecutionListener, org.springframework.boot.test.autoconfigure.web.servlet.MockMvcPrintOnlyOnFailureTestExecutionListener, org.springframework.boot.test.autoconfigure.web.servlet.WebDriverTestExecutionListener, org.springframework.boot.test.autoconfigure.webservices.client.MockWebServiceServerTestExecutionListener, org.springframework.boot.test.mock.mockito.MockitoTestExecutionListener, org.springframework.boot.test.mock.mockito.ResetMocksTestExecutionListener, org.springframework.test.context.web.ServletTestExecutionListener, org.springframework.test.context.support.DirtiesContextBeforeModesTestExecutionListener, org.springframework.test.context.event.ApplicationEventsTestExecutionListener, org.springframework.test.context.support.DependencyInjectionTestExecutionListener, org.springframework.test.context.support.DirtiesContextTestExecutionListener, org.springframework.test.context.transaction.TransactionalTestExecutionListener, org.springframework.test.context.jdbc.SqlScriptsTestExecutionListener, org.springframework.test.context.event.EventPublishingTestExecutionListener]
14:02:37.355 [Test worker] DEBUG org.springframework.boot.test.context.SpringBootTestContextBootstrapper - Skipping candidate TestExecutionListener [org.springframework.test.context.transaction.TransactionalTestExecutionListener] due to a missing dependency. Specify custom listener classes or make the default listener classes and their required dependencies available. Offending class: [org/springframework/transaction/interceptor/TransactionAttributeSource]
14:02:37.356 [Test worker] DEBUG org.springframework.boot.test.context.SpringBootTestContextBootstrapper - Skipping candidate TestExecutionListener [org.springframework.test.context.jdbc.SqlScriptsTestExecutionListener] due to a missing dependency. Specify custom listener classes or make the default listener classes and their required dependencies available. Offending class: [org/springframework/transaction/interceptor/TransactionAttribute]
14:02:37.356 [Test worker] INFO org.springframework.boot.test.context.SpringBootTestContextBootstrapper - Using TestExecutionListeners: [org.springframework.test.context.web.ServletTestExecutionListener@19c65cdc, org.springframework.test.context.support.DirtiesContextBeforeModesTestExecutionListener@74bf1791, org.springframework.test.context.event.ApplicationEventsTestExecutionListener@54504ecd, org.springframework.boot.test.mock.mockito.MockitoTestExecutionListener@38b27cdc, org.springframework.boot.test.autoconfigure.SpringBootDependencyInjectionTestExecutionListener@1339e7aa, org.springframework.test.context.support.DirtiesContextTestExecutionListener@1fb669c3, org.springframework.test.context.event.EventPublishingTestExecutionListener@49c66ade, org.springframework.boot.test.autoconfigure.restdocs.RestDocsTestExecutionListener@6239aba6, org.springframework.boot.test.autoconfigure.web.client.MockRestServiceServerResetTestExecutionListener@3e6104fc, org.springframework.boot.test.autoconfigure.web.servlet.MockMvcPrintOnlyOnFailureTestExecutionListener@12359a82, org.springframework.boot.test.autoconfigure.web.servlet.WebDriverTestExecutionListener@68df9280, org.springframework.boot.test.autoconfigure.webservices.client.MockWebServiceServerTestExecutionListener@479460a6, org.springframework.boot.test.mock.mockito.ResetMocksTestExecutionListener@7164ca4c]
14:02:37.363 [Test worker] DEBUG org.springframework.test.context.support.AbstractDirtiesContextTestExecutionListener - Before test class: context [DefaultTestContext@51fadaff testClass = BootingWebApplicationTests, testInstance = [null], testMethod = [null], testException = [null], mergedContextConfiguration = [WebMergedContextConfiguration@401f7633 testClass = BootingWebApplicationTests, locations = '{}', classes = '{class com.lil.sbet.bootingweb.BootingWebApplication}', contextInitializerClasses = '[]', activeProfiles = '{}', propertySourceLocations = '{}', propertySourceProperties = '{org.springframework.boot.test.context.SpringBootTestContextBootstrapper=true}', contextCustomizers = set[org.springframework.boot.test.autoconfigure.actuate.metrics.MetricsExportContextCustomizerFactory$DisableMetricExportContextCustomizer@63376bed, org.springframework.boot.test.autoconfigure.properties.PropertyMappingContextCustomizer@0, org.springframework.boot.test.autoconfigure.web.servlet.WebDriverContextCustomizerFactory$Customizer@5b1669c0, org.springframework.boot.test.context.filter.ExcludeFilterContextCustomizer@4b741d6d, org.springframework.boot.test.json.DuplicateJsonObjectContextCustomizerFactory$DuplicateJsonObjectContextCustomizer@7674f035, org.springframework.boot.test.mock.mockito.MockitoContextCustomizer@0, org.springframework.boot.test.web.client.TestRestTemplateContextCustomizer@795509d9, org.springframework.boot.test.context.SpringBootTestArgs@1, org.springframework.boot.test.context.SpringBootTestWebEnvironment@2aa3cd93], resourceBasePath = 'src/main/webapp', contextLoader = 'org.springframework.boot.test.context.SpringBootContextLoader', parent = [null]], attributes = map['org.springframework.test.context.web.ServletTestExecutionListener.activateListener' -> true]], class annotated with @DirtiesContext [false] with mode [null].

  .   ____          _            __ _ _
 /\\ / ___'_ __ _ _(_)_ __  __ _ \ \ \ \
( ( )\___ | '_ | '_| | '_ \/ _` | \ \ \ \
 \\/  ___)| |_)| | | | | || (_| |  ) ) ) )
  '  |____| .__|_| |_|_| |_\__, | / / / /
 =========|_|==============|___/=/_/_/_/
 :: Spring Boot ::                (v2.7.4)

2022-10-08 14:02:38.195  INFO 12896 --- [    Test worker] c.l.s.b.BootingWebApplicationTests       : Starting BootingWebApplicationTests using Java 1.8.0_191 on ZIN100-GG2191 with PID 12896 (started by GG2191 in C:\MyLearning\GCP PATHWAY\SPRINGBOOT2.0\booting-web)
2022-10-08 14:02:38.198  INFO 12896 --- [    Test worker] c.l.s.b.BootingWebApplicationTests       : No active profile set, falling back to 1 default profile: "default"
2022-10-08 14:02:38.279  WARN 12896 --- [    Test worker] o.s.b.c.config.ConfigDataEnvironment     : Property 'spring.profiles' imported from location 'class path resource [application.yaml]' is invalid and should be replaced with 'spring.config.activate.on-profile' [origin: class path resource [application.yaml] - 7:13]
2022-10-08 14:02:38.280  WARN 12896 --- [    Test worker] o.s.b.c.config.ConfigDataEnvironment     : Property 'spring.profiles' imported from location 'class path resource [application.yaml]' is invalid and should be replaced with 'spring.config.activate.on-profile' [origin: class path resource [application.yaml] - 2:13]
2022-10-08 14:02:40.029  INFO 12896 --- [    Test worker] o.s.b.a.w.s.WelcomePageHandlerMapping    : Adding welcome page: class path resource [static/index.html]
2022-10-08 14:02:40.405  INFO 12896 --- [    Test worker] c.l.s.b.BootingWebApplicationTests       : Started BootingWebApplicationTests in 2.977 seconds (JVM running for 6.831)
]]></system-out>
  <system-err><![CDATA[]]></system-err>
</testsuite>
